<?xml version="1.0" encoding="UTF-8"?>
<testsuite name="TestSuite" time="4.592" tests="2" errors="0" skipped="0" failures="1">
  <properties>
    <property name="java.runtime.name" value="Java(TM) SE Runtime Environment"/>
    <property name="sun.boot.library.path" value="C:\Program Files\Java\jdk1.8.0_131\jre\bin"/>
    <property name="java.vm.version" value="25.131-b11"/>
    <property name="java.vm.vendor" value="Oracle Corporation"/>
    <property name="maven.multiModuleProjectDirectory" value="C:\Users\Vinod\workspace\OrangeHrm"/>
    <property name="java.vendor.url" value="http://java.oracle.com/"/>
    <property name="path.separator" value=";"/>
    <property name="guice.disable.misplaced.annotation.check" value="true"/>
    <property name="java.vm.name" value="Java HotSpot(TM) 64-Bit Server VM"/>
    <property name="file.encoding.pkg" value="sun.io"/>
    <property name="user.script" value=""/>
    <property name="user.country" value="US"/>
    <property name="sun.java.launcher" value="SUN_STANDARD"/>
    <property name="sun.os.patch.level" value=""/>
    <property name="java.vm.specification.name" value="Java Virtual Machine Specification"/>
    <property name="user.dir" value="C:\Users\Vinod\workspace\OrangeHrm"/>
    <property name="java.runtime.version" value="1.8.0_131-b11"/>
    <property name="java.awt.graphicsenv" value="sun.awt.Win32GraphicsEnvironment"/>
    <property name="java.endorsed.dirs" value="C:\Program Files\Java\jdk1.8.0_131\jre\lib\endorsed"/>
    <property name="os.arch" value="amd64"/>
    <property name="java.io.tmpdir" value="C:\Users\Vinod\AppData\Local\Temp\"/>
    <property name="line.separator" value="&#10;"/>
    <property name="java.vm.specification.vendor" value="Oracle Corporation"/>
    <property name="user.variant" value=""/>
    <property name="os.name" value="Windows 10"/>
    <property name="classworlds.conf" value="C:\Users\Vinod\workspace\.metadata\.plugins\org.eclipse.m2e.launching\launches\m2conf8537350322000847178.tmp"/>
    <property name="sun.jnu.encoding" value="Cp1252"/>
    <property name="java.library.path" value="C:\Program Files\Java\jdk1.8.0_131\bin;C:\WINDOWS\Sun\Java\bin;C:\WINDOWS\system32;C:\WINDOWS;C:/Program Files/Java/jre1.8.0_131/bin/server;C:/Program Files/Java/jre1.8.0_131/bin;C:/Program Files/Java/jre1.8.0_131/lib/amd64;C:\Python27\;C:\Python27\Scripts;C:\ProgramData\Oracle\Java\javapath;C:\WINDOWS\system32;C:\WINDOWS;C:\WINDOWS\System32\Wbem;C:\WINDOWS\System32\WindowsPowerShell\v1.0\;G:\Vinod\Tec_Docs\Selenium\Ant\apache-ant-1.9.7-bin\apache-ant-1.9.7\bin;C:\Program Files\Git\cmd;G:\Vinod\Tools\Maven\bin;C:\Program Files\Microsoft SQL Server\Client SDK\ODBC\110\Tools\Binn\;C:\Program Files (x86)\Microsoft SQL Server\120\Tools\Binn\;C:\Program Files\Microsoft SQL Server\120\Tools\Binn\;C:\Program Files\Microsoft SQL Server\120\DTS\Binn\;C:\Program Files\Java\jre1.8.0_131\bin;C:\Program Files\TortoiseGit\bin;C:\Program Files (x86)\Microsoft SQL Server\120\Tools\Binn\ManagementStudio\;C:\Program Files (x86)\Microsoft SQL Server\120\DTS\Binn\;C:\WINDOWS\System32\OpenSSH\;C:\Program Files\nodejs\;C:\ProgramData\chocolatey\bin;C:\Program Files\Java\jdk1.8.0_131\bin;C:\Program Files\Java\jre1.8.0_131\bin;C:\Users\Vinod\AppData\Local\Microsoft\WindowsApps;;C:\Users\Vinod\AppData\Local\Programs\Microsoft VS Code\bin;C:\Users\Vinod\AppData\Roaming\npm;C:\Users\Vinod\Desktop;;."/>
    <property name="java.specification.name" value="Java Platform API Specification"/>
    <property name="java.class.version" value="52.0"/>
    <property name="sun.management.compiler" value="HotSpot 64-Bit Tiered Compilers"/>
    <property name="os.version" value="10.0"/>
    <property name="user.home" value="C:\Users\Vinod"/>
    <property name="user.timezone" value="Asia/Calcutta"/>
    <property name="java.awt.printerjob" value="sun.awt.windows.WPrinterJob"/>
    <property name="java.specification.version" value="1.8"/>
    <property name="file.encoding" value="Cp1252"/>
    <property name="user.name" value="Vinod"/>
    <property name="java.class.path" value="/C:/Users/Vinod/eclipse/java-neon2/eclipse/../../../.p2/pool/plugins/org.eclipse.m2e.maven.runtime_1.7.0.20160603-1931/jars/plexus-classworlds-2.5.2.jar"/>
    <property name="java.vm.specification.version" value="1.8"/>
    <property name="sun.arch.data.model" value="64"/>
    <property name="java.home" value="C:\Program Files\Java\jdk1.8.0_131\jre"/>
    <property name="sun.java.command" value="org.codehaus.plexus.classworlds.launcher.Launcher -B test"/>
    <property name="java.specification.vendor" value="Oracle Corporation"/>
    <property name="user.language" value="en"/>
    <property name="awt.toolkit" value="sun.awt.windows.WToolkit"/>
    <property name="java.vm.info" value="mixed mode"/>
    <property name="java.version" value="1.8.0_131"/>
    <property name="java.ext.dirs" value="C:\Program Files\Java\jdk1.8.0_131\jre\lib\ext;C:\WINDOWS\Sun\Java\lib\ext"/>
    <property name="sun.boot.class.path" value="C:\Program Files\Java\jdk1.8.0_131\jre\lib\resources.jar;C:\Program Files\Java\jdk1.8.0_131\jre\lib\rt.jar;C:\Program Files\Java\jdk1.8.0_131\jre\lib\sunrsasign.jar;C:\Program Files\Java\jdk1.8.0_131\jre\lib\jsse.jar;C:\Program Files\Java\jdk1.8.0_131\jre\lib\jce.jar;C:\Program Files\Java\jdk1.8.0_131\jre\lib\charsets.jar;C:\Program Files\Java\jdk1.8.0_131\jre\lib\jfr.jar;C:\Program Files\Java\jdk1.8.0_131\jre\classes"/>
    <property name="java.vendor" value="Oracle Corporation"/>
    <property name="maven.home" value="C:\Users\Vinod\workspace\OrangeHrm\EMBEDDED"/>
    <property name="file.separator" value="\"/>
    <property name="java.vendor.url.bug" value="http://bugreport.sun.com/bugreport/"/>
    <property name="sun.cpu.endian" value="little"/>
    <property name="sun.io.unicode.encoding" value="UnicodeLittle"/>
    <property name="sun.desktop" value="windows"/>
    <property name="sun.cpu.isalist" value="amd64"/>
  </properties>
  <testcase name="login" classname="com.tests.TC_LoginTest_001" time="4.592">
    <failure message="expected [true] but found [false]" type="java.lang.AssertionError">java.lang.AssertionError: expected [true] but found [false]
	at org.testng.Assert.fail(Assert.java:96)
	at org.testng.Assert.failNotEquals(Assert.java:776)
	at org.testng.Assert.assertTrue(Assert.java:44)
	at org.testng.Assert.assertTrue(Assert.java:54)
	at com.tests.TC_LoginTest_001.login(TC_LoginTest_001.java:31)
</failure>
    <system-out><![CDATA[projectPath:C:\Users\Vinod\workspace\OrangeHrm
[INFO ] 2020-04-16 08:24:26.543 [main] TC_LoginTest_001 - projectPath:C:\Users\Vinod\workspace\OrangeHrm
[INFO ] 2020-04-16 08:24:26.548 [main] TC_LoginTest_001 - Able to access Property file
browser:chrome
[INFO ] 2020-04-16 08:24:32.992 [main] TC_LoginTest_001 - Driver Object Created
[INFO ] 2020-04-16 08:24:36.107 [main] TC_LoginTest_001 - Accessing url
[INFO ] 2020-04-16 08:24:36.117 [main] TC_LoginTest_001 - Setting implisit wait
[INFO ] 2020-04-16 08:24:38.286 [main] TC_LoginTest_001 - Maximizing browser
[INFO ] 2020-04-16 08:24:38.560 [main] Login - Entering UserName
[INFO ] 2020-04-16 08:24:38.709 [main] Login - Entering Password
[INFO ] 2020-04-16 08:24:40.560 [main] Login - Clicked on Submit button
[INFO ] 2020-04-16 08:24:40.571 [main] TC_LoginTest_001 - test case failed....
Screenshot taken
]]></system-out>
    <system-err><![CDATA[SLF4J: Failed to load class "org.slf4j.impl.StaticLoggerBinder".
SLF4J: Defaulting to no-operation (NOP) logger implementation
SLF4J: See http://www.slf4j.org/codes.html#StaticLoggerBinder for further details.
Starting ChromeDriver 81.0.4044.69 (6813546031a4bc83f717a2ef7cd4ac6ec1199132-refs/branch-heads/4044@{#776}) on port 29645
Only local connections are allowed.
Please protect ports used by ChromeDriver and related test frameworks to prevent access by malicious code.
Apr 16, 2020 8:24:32 AM org.openqa.selenium.remote.ProtocolHandshake createSession
INFO: Detected dialect: W3C
[1587005674.211][SEVERE]: Timed out receiving message from renderer: 0.100
[1587005674.313][SEVERE]: Timed out receiving message from renderer: 0.100
[1587005674.415][SEVERE]: Timed out receiving message from renderer: 0.100
[1587005674.519][SEVERE]: Timed out receiving message from renderer: 0.100
[1587005674.623][SEVERE]: Timed out receiving message from renderer: 0.100
[1587005674.727][SEVERE]: Timed out receiving message from renderer: 0.100
[1587005674.829][SEVERE]: Timed out receiving message from renderer: 0.100
[1587005674.930][SEVERE]: Timed out receiving message from renderer: 0.100
[1587005675.035][SEVERE]: Timed out receiving message from renderer: 0.100
[1587005675.137][SEVERE]: Timed out receiving message from renderer: 0.100
[1587005675.239][SEVERE]: Timed out receiving message from renderer: 0.100
[1587005675.343][SEVERE]: Timed out receiving message from renderer: 0.100
[1587005675.603][SEVERE]: Timed out receiving message from renderer: 0.100
[1587005675.705][SEVERE]: Timed out receiving message from renderer: 0.100
[1587005675.807][SEVERE]: Timed out receiving message from renderer: 0.100
[1587005675.909][SEVERE]: Timed out receiving message from renderer: 0.100
[1587005676.011][SEVERE]: Timed out receiving message from renderer: 0.100
[1587005680.147][SEVERE]: Timed out receiving message from renderer: 0.100
[1587005680.249][SEVERE]: Timed out receiving message from renderer: 0.100
[1587005680.440][SEVERE]: Timed out receiving message from renderer: 0.100
[1587005680.543][SEVERE]: Timed out receiving message from renderer: 0.100
]]></system-err>
  </testcase>
  <testcase name="login1" classname="com.tests.TC_LoginTest_001" time="0"/>
</testsuite>